{"/Users/chaoluotencent.com/Documents/code/astify/src/index.ts": {"path":"/Users/chaoluotencent.com/Documents/code/astify/src/index.ts","all":false,"statementMap":{"0":{"start":{"line":1,"column":0},"end":{"line":1,"column":52}},"1":{"start":{"line":2,"column":0},"end":{"line":2,"column":34}},"2":{"start":{"line":3,"column":0},"end":{"line":3,"column":13}},"3":{"start":{"line":4,"column":0},"end":{"line":4,"column":39}},"4":{"start":{"line":5,"column":0},"end":{"line":5,"column":0}},"5":{"start":{"line":6,"column":0},"end":{"line":6,"column":90}},"6":{"start":{"line":7,"column":0},"end":{"line":7,"column":27}},"7":{"start":{"line":8,"column":0},"end":{"line":8,"column":31}},"8":{"start":{"line":9,"column":0},"end":{"line":9,"column":5}},"9":{"start":{"line":10,"column":0},"end":{"line":10,"column":29}},"10":{"start":{"line":11,"column":0},"end":{"line":11,"column":24}},"11":{"start":{"line":12,"column":0},"end":{"line":12,"column":80}},"12":{"start":{"line":13,"column":0},"end":{"line":13,"column":56}},"13":{"start":{"line":14,"column":0},"end":{"line":14,"column":49}},"14":{"start":{"line":15,"column":0},"end":{"line":15,"column":46}},"15":{"start":{"line":16,"column":0},"end":{"line":16,"column":15}},"16":{"start":{"line":17,"column":0},"end":{"line":17,"column":27}},"17":{"start":{"line":18,"column":0},"end":{"line":18,"column":29}},"18":{"start":{"line":19,"column":0},"end":{"line":19,"column":83}},"19":{"start":{"line":20,"column":0},"end":{"line":20,"column":48}},"20":{"start":{"line":21,"column":0},"end":{"line":21,"column":42}},"21":{"start":{"line":22,"column":0},"end":{"line":22,"column":45}},"22":{"start":{"line":23,"column":0},"end":{"line":23,"column":31}},"23":{"start":{"line":24,"column":0},"end":{"line":24,"column":22}},"24":{"start":{"line":25,"column":0},"end":{"line":25,"column":18}},"25":{"start":{"line":26,"column":0},"end":{"line":26,"column":15}},"26":{"start":{"line":27,"column":0},"end":{"line":27,"column":28}},"27":{"start":{"line":28,"column":0},"end":{"line":28,"column":22}},"28":{"start":{"line":29,"column":0},"end":{"line":29,"column":45}},"29":{"start":{"line":30,"column":0},"end":{"line":30,"column":22}},"30":{"start":{"line":31,"column":0},"end":{"line":31,"column":44}},"31":{"start":{"line":32,"column":0},"end":{"line":32,"column":23}},"32":{"start":{"line":33,"column":0},"end":{"line":33,"column":45}},"33":{"start":{"line":34,"column":0},"end":{"line":34,"column":25}},"34":{"start":{"line":35,"column":0},"end":{"line":35,"column":72}},"35":{"start":{"line":36,"column":0},"end":{"line":36,"column":16}},"36":{"start":{"line":37,"column":0},"end":{"line":37,"column":41}},"37":{"start":{"line":38,"column":0},"end":{"line":38,"column":62}},"38":{"start":{"line":39,"column":0},"end":{"line":39,"column":13}},"39":{"start":{"line":40,"column":0},"end":{"line":40,"column":38}},"40":{"start":{"line":41,"column":0},"end":{"line":41,"column":36}},"41":{"start":{"line":42,"column":0},"end":{"line":42,"column":36}},"42":{"start":{"line":43,"column":0},"end":{"line":43,"column":37}},"43":{"start":{"line":44,"column":0},"end":{"line":44,"column":65}},"44":{"start":{"line":45,"column":0},"end":{"line":45,"column":22}},"45":{"start":{"line":46,"column":0},"end":{"line":46,"column":33}},"46":{"start":{"line":47,"column":0},"end":{"line":47,"column":37}},"47":{"start":{"line":48,"column":0},"end":{"line":48,"column":88}},"48":{"start":{"line":49,"column":0},"end":{"line":49,"column":22}},"49":{"start":{"line":50,"column":0},"end":{"line":50,"column":14}},"50":{"start":{"line":51,"column":0},"end":{"line":51,"column":5}},"51":{"start":{"line":52,"column":0},"end":{"line":52,"column":2}},"52":{"start":{"line":53,"column":0},"end":{"line":53,"column":0}},"53":{"start":{"line":54,"column":0},"end":{"line":54,"column":22}}},"s":{"0":1,"1":1,"2":1,"3":1,"4":1,"5":1,"6":1,"7":0,"8":0,"9":1,"10":1,"11":0,"12":0,"13":0,"14":0,"15":0,"16":0,"17":0,"18":0,"19":0,"20":0,"21":0,"22":0,"23":0,"24":0,"25":0,"26":0,"27":1,"28":0,"29":1,"30":1,"31":1,"32":0,"33":1,"34":0,"35":1,"36":0,"37":0,"38":0,"39":0,"40":0,"41":0,"42":0,"43":0,"44":0,"45":0,"46":0,"47":0,"48":0,"49":0,"50":1,"51":1,"52":1,"53":1},"branchMap":{"0":{"type":"branch","line":6,"loc":{"start":{"line":6,"column":15},"end":{"line":52,"column":2}},"locations":[{"start":{"line":6,"column":15},"end":{"line":52,"column":2}}]},"1":{"type":"branch","line":7,"loc":{"start":{"line":7,"column":26},"end":{"line":9,"column":5}},"locations":[{"start":{"line":7,"column":26},"end":{"line":9,"column":5}}]},"2":{"type":"branch","line":11,"loc":{"start":{"line":11,"column":8},"end":{"line":27,"column":28}},"locations":[{"start":{"line":11,"column":8},"end":{"line":27,"column":28}}]},"3":{"type":"branch","line":28,"loc":{"start":{"line":28,"column":8},"end":{"line":29,"column":45}},"locations":[{"start":{"line":28,"column":8},"end":{"line":29,"column":45}}]},"4":{"type":"branch","line":32,"loc":{"start":{"line":32,"column":8},"end":{"line":33,"column":45}},"locations":[{"start":{"line":32,"column":8},"end":{"line":33,"column":45}}]},"5":{"type":"branch","line":34,"loc":{"start":{"line":34,"column":8},"end":{"line":35,"column":72}},"locations":[{"start":{"line":34,"column":8},"end":{"line":35,"column":72}}]},"6":{"type":"branch","line":36,"loc":{"start":{"line":36,"column":8},"end":{"line":50,"column":14}},"locations":[{"start":{"line":36,"column":8},"end":{"line":50,"column":14}}]}},"b":{"0":[1],"1":[0],"2":[0],"3":[0],"4":[0],"5":[0],"6":[0]},"fnMap":{"0":{"name":"astify","decl":{"start":{"line":6,"column":15},"end":{"line":52,"column":2}},"loc":{"start":{"line":6,"column":15},"end":{"line":52,"column":2}},"line":6},"1":{"name":"exit","decl":{"start":{"line":21,"column":26},"end":{"line":24,"column":21}},"loc":{"start":{"line":21,"column":26},"end":{"line":24,"column":21}},"line":21}},"f":{"0":1,"1":0}}
}
