TN:
SF:src/index.ts
FN:6,astify
FN:21,exit
FNF:2
FNH:1
FNDA:1,astify
FNDA:0,exit
DA:1,1
DA:2,1
DA:3,1
DA:4,1
DA:5,1
DA:6,1
DA:7,1
DA:8,0
DA:9,0
DA:10,1
DA:11,1
DA:12,0
DA:13,0
DA:14,0
DA:15,0
DA:16,0
DA:17,0
DA:18,0
DA:19,0
DA:20,0
DA:21,0
DA:22,0
DA:23,0
DA:24,0
DA:25,0
DA:26,0
DA:27,0
DA:28,1
DA:29,0
DA:30,1
DA:31,1
DA:32,1
DA:33,0
DA:34,1
DA:35,0
DA:36,1
DA:37,0
DA:38,0
DA:39,0
DA:40,0
DA:41,0
DA:42,0
DA:43,0
DA:44,0
DA:45,0
DA:46,0
DA:47,0
DA:48,0
DA:49,0
DA:50,0
DA:51,1
DA:52,1
DA:53,1
DA:54,1
LF:54
LH:19
BRDA:6,0,0,1
BRDA:7,1,0,0
BRDA:11,2,0,0
BRDA:28,3,0,0
BRDA:32,4,0,0
BRDA:34,5,0,0
BRDA:36,6,0,0
BRF:7
BRH:1
end_of_record
